200 {"code":0,"message":"Success","data":{"token":"eyJhbGciOiJIUzUxMiJ9.eyJzdWIiOiIxMjg1MTE3Njk5IiwiY2hhdElkIjoiMTI4NTExNzY5OSIsImlhdCI6MTcyODE5Mzg2MywiZXhwIjoxNzMwNzg1ODYzLCJyb2xlQXV0aG9yaXplcyI6W10sInVzZXJJZCI6MTc5MDA1ODcxNDA3NzA1NzAyNH0.8PNwgtwpi9PlvT0lgWayUpenSayu0aywKYe3QpMZKVn8ZJBxJbzCvVKO094Tch1X5tY3AqPNf8vn_ElGh4fXCQ","userAvatar":"https://s3.yescoin.gold/tg-mini-app/2024-05-14/files/20240514-003709-1715618229568.jpg"}}
200 {"code":0,"message":"Success","data":{"gmtFirstInviteDate":null,"gmtModifyDate":null,"firstInviteReward":null,"inviteAmount":2163309,"totalAmount":47441880,"currentAmount":32649680,"rank":1357941,"userLevel":5,"userId":"1790058714077057024","levelInfo":{"rankName":"Shill","level":25}}}
200 {"code":0,"message":"Success","data":{"specialBoxLeftRecoveryCount":3,"coinPoolLeftRecoveryCount":3,"singleCoinValue":12,"singleCoinLevel":11,"singleCoinUpgradeCost":4557500,"coinPoolRecoverySpeed":12,"coinPoolRecoveryLevel":10,"coinPoolRecoveryUpgradeCost":1823000,"coinPoolTotalCount":20500,"coinPoolTotalLevel":11,"coinPoolTotalUpgradeCost":4557500,"swipeBotSpeedValue":"5.5","swipeBotLevel":4,"swipeBotUpgradeCost":9000000,"openSwipeBot":true,"swipeBotModifyDate":"2024-09-20T07:54:41Z","recoveryModifyDate":"2024-10-06"}}
200 {"code":0,"message":"Success","data":{"singleCoinValue":12,"coinPoolTotalCount":20500,"coinPoolLeftCount":4288,"coinPoolRecoverySpeed":12,"lastTimeStamp":1728193869}}
200 {"code":0,"message":"Success","data":{"collectAmount":444,"collectStatus":true,"currentAmount":32650124,"totalAmount":47442324}}
200 {"code":0,"message":"Success","data":{"gmtFirstInviteDate":null,"gmtModifyDate":null,"firstInviteReward":null,"inviteAmount":2163309,"totalAmount":47446248,"currentAmount":32654048,"rank":1357941,"userLevel":5,"userId":"1790058714077057024","levelInfo":{"rankName":"Shill","level":25}}}
200 {"code":0,"message":"Success","data":{"specialBoxLeftRecoveryCount":3,"coinPoolLeftRecoveryCount":3,"singleCoinValue":12,"singleCoinLevel":11,"singleCoinUpgradeCost":4557500,"coinPoolRecoverySpeed":12,"coinPoolRecoveryLevel":10,"coinPoolRecoveryUpgradeCost":1823000,"coinPoolTotalCount":20500,"coinPoolTotalLevel":11,"coinPoolTotalUpgradeCost":4557500,"swipeBotSpeedValue":"5.5","swipeBotLevel":4,"swipeBotUpgradeCost":9000000,"openSwipeBot":true,"swipeBotModifyDate":"2024-09-20T07:54:41Z","recoveryModifyDate":"2024-10-06"}}
200 {"code":0,"message":"Success","data":{"singleCoinValue":12,"coinPoolTotalCount":20500,"coinPoolLeftCount":112,"coinPoolRecoverySpeed":12,"lastTimeStamp":1728193885}}
200 {"code":0,"message":"Success","data":true}
200 {"code":0,"message":"Success","data":{"gmtFirstInviteDate":null,"gmtModifyDate":null,"firstInviteReward":null,"inviteAmount":2163309,"totalAmount":47446248,"currentAmount":32654048,"rank":1357941,"userLevel":5,"userId":"1790058714077057024","levelInfo":{"rankName":"Shill","level":25}}}
200 {"code":0,"message":"Success","data":{"specialBoxLeftRecoveryCount":3,"coinPoolLeftRecoveryCount":2,"singleCoinValue":12,"singleCoinLevel":11,"singleCoinUpgradeCost":4557500,"coinPoolRecoverySpeed":12,"coinPoolRecoveryLevel":10,"coinPoolRecoveryUpgradeCost":1823000,"coinPoolTotalCount":20500,"coinPoolTotalLevel":11,"coinPoolTotalUpgradeCost":4557500,"swipeBotSpeedValue":"5.5","swipeBotLevel":4,"swipeBotUpgradeCost":9000000,"openSwipeBot":true,"swipeBotModifyDate":"2024-09-20T07:54:41Z","recoveryModifyDate":"2024-10-06"}}
200 {"code":0,"message":"Success","data":{"singleCoinValue":12,"coinPoolTotalCount":20500,"coinPoolLeftCount":19924,"coinPoolRecoverySpeed":12,"lastTimeStamp":1728193891}}
200 {"code":400037,"message":"get lock failed","data":null}
200 {"code":0,"message":"Success","data":{"gmtFirstInviteDate":null,"gmtModifyDate":null,"firstInviteReward":null,"inviteAmount":2163309,"totalAmount":47446932,"currentAmount":32654732,"rank":1357941,"userLevel":5,"userId":"1790058714077057024","levelInfo":{"rankName":"Shill","level":25}}}
200 {"code":0,"message":"Success","data":{"specialBoxLeftRecoveryCount":3,"coinPoolLeftRecoveryCount":2,"singleCoinValue":12,"singleCoinLevel":11,"singleCoinUpgradeCost":4557500,"coinPoolRecoverySpeed":12,"coinPoolRecoveryLevel":10,"coinPoolRecoveryUpgradeCost":1823000,"coinPoolTotalCount":20500,"coinPoolTotalLevel":11,"coinPoolTotalUpgradeCost":4557500,"swipeBotSpeedValue":"5.5","swipeBotLevel":4,"swipeBotUpgradeCost":9000000,"openSwipeBot":true,"swipeBotModifyDate":"2024-09-20T07:54:41Z","recoveryModifyDate":"2024-10-06"}}
200 {"code":0,"message":"Success","data":{"singleCoinValue":12,"coinPoolTotalCount":20500,"coinPoolLeftCount":19912,"coinPoolRecoverySpeed":12,"lastTimeStamp":1728193907}}
200 {"code":400037,"message":"get lock failed","data":null}
200 {"code":0,"message":"Success","data":{"gmtFirstInviteDate":null,"gmtModifyDate":null,"firstInviteReward":null,"inviteAmount":2163309,"totalAmount":47447112,"currentAmount":32654912,"rank":1357941,"userLevel":5,"userId":"1790058714077057024","levelInfo":{"rankName":"Shill","level":25}}}
200 {"code":0,"message":"Success","data":{"specialBoxLeftRecoveryCount":3,"coinPoolLeftRecoveryCount":2,"singleCoinValue":12,"singleCoinLevel":11,"singleCoinUpgradeCost":4557500,"coinPoolRecoverySpeed":12,"coinPoolRecoveryLevel":10,"coinPoolRecoveryUpgradeCost":1823000,"coinPoolTotalCount":20500,"coinPoolTotalLevel":11,"coinPoolTotalUpgradeCost":4557500,"swipeBotSpeedValue":"5.5","swipeBotLevel":4,"swipeBotUpgradeCost":9000000,"openSwipeBot":true,"swipeBotModifyDate":"2024-09-20T07:54:41Z","recoveryModifyDate":"2024-10-06"}}
200 {"code":0,"message":"Success","data":{"singleCoinValue":12,"coinPoolTotalCount":20500,"coinPoolLeftCount":19912,"coinPoolRecoverySpeed":12,"lastTimeStamp":1728193922}}
200 {"code":400037,"message":"get lock failed","data":null}
200 {"code":0,"message":"Success","data":{"gmtFirstInviteDate":null,"gmtModifyDate":null,"firstInviteReward":null,"inviteAmount":2163309,"totalAmount":47447328,"currentAmount":32655128,"rank":1357941,"userLevel":5,"userId":"1790058714077057024","levelInfo":{"rankName":"Shill","level":25}}}
200 {"code":0,"message":"Success","data":{"specialBoxLeftRecoveryCount":3,"coinPoolLeftRecoveryCount":2,"singleCoinValue":12,"singleCoinLevel":11,"singleCoinUpgradeCost":4557500,"coinPoolRecoverySpeed":12,"coinPoolRecoveryLevel":10,"coinPoolRecoveryUpgradeCost":1823000,"coinPoolTotalCount":20500,"coinPoolTotalLevel":11,"coinPoolTotalUpgradeCost":4557500,"swipeBotSpeedValue":"5.5","swipeBotLevel":4,"swipeBotUpgradeCost":9000000,"openSwipeBot":true,"swipeBotModifyDate":"2024-09-20T07:54:41Z","recoveryModifyDate":"2024-10-06"}}
200 {"code":0,"message":"Success","data":{"singleCoinValue":12,"coinPoolTotalCount":20500,"coinPoolLeftCount":19996,"coinPoolRecoverySpeed":12,"lastTimeStamp":1728193938}}
200 {"code":400037,"message":"get lock failed","data":null}
200 {"code":0,"message":"Success","data":{"gmtFirstInviteDate":null,"gmtModifyDate":null,"firstInviteReward":null,"inviteAmount":2163309,"totalAmount":47447520,"currentAmount":32655320,"rank":1357941,"userLevel":5,"userId":"1790058714077057024","levelInfo":{"rankName":"Shill","level":25}}}
200 {"code":0,"message":"Success","data":{"specialBoxLeftRecoveryCount":3,"coinPoolLeftRecoveryCount":2,"singleCoinValue":12,"singleCoinLevel":11,"singleCoinUpgradeCost":4557500,"coinPoolRecoverySpeed":12,"coinPoolRecoveryLevel":10,"coinPoolRecoveryUpgradeCost":1823000,"coinPoolTotalCount":20500,"coinPoolTotalLevel":11,"coinPoolTotalUpgradeCost":4557500,"swipeBotSpeedValue":"5.5","swipeBotLevel":4,"swipeBotUpgradeCost":9000000,"openSwipeBot":true,"swipeBotModifyDate":"2024-09-20T07:54:41Z","recoveryModifyDate":"2024-10-06"}}
200 {"code":0,"message":"Success","data":{"singleCoinValue":12,"coinPoolTotalCount":20500,"coinPoolLeftCount":19996,"coinPoolRecoverySpeed":12,"lastTimeStamp":1728193954}}
200 {"code":400037,"message":"get lock failed","data":null}
200 {"code":0,"message":"Success","data":{"gmtFirstInviteDate":null,"gmtModifyDate":null,"firstInviteReward":null,"inviteAmount":2163309,"totalAmount":47447700,"currentAmount":32655500,"rank":1357941,"userLevel":5,"userId":"1790058714077057024","levelInfo":{"rankName":"Shill","level":25}}}
200 {"code":0,"message":"Success","data":{"specialBoxLeftRecoveryCount":3,"coinPoolLeftRecoveryCount":2,"singleCoinValue":12,"singleCoinLevel":11,"singleCoinUpgradeCost":4557500,"coinPoolRecoverySpeed":12,"coinPoolRecoveryLevel":10,"coinPoolRecoveryUpgradeCost":1823000,"coinPoolTotalCount":20500,"coinPoolTotalLevel":11,"coinPoolTotalUpgradeCost":4557500,"swipeBotSpeedValue":"5.5","swipeBotLevel":4,"swipeBotUpgradeCost":9000000,"openSwipeBot":true,"swipeBotModifyDate":"2024-09-20T07:54:41Z","recoveryModifyDate":"2024-10-06"}}
200 {"code":0,"message":"Success","data":{"singleCoinValue":12,"coinPoolTotalCount":20500,"coinPoolLeftCount":19996,"coinPoolRecoverySpeed":12,"lastTimeStamp":1728193969}}
200 {"code":400037,"message":"get lock failed","data":null}
200 {"code":0,"message":"Success","data":{"gmtFirstInviteDate":null,"gmtModifyDate":null,"firstInviteReward":null,"inviteAmount":2163309,"totalAmount":47447904,"currentAmount":32655704,"rank":1357941,"userLevel":5,"userId":"1790058714077057024","levelInfo":{"rankName":"Shill","level":25}}}
200 {"code":0,"message":"Success","data":{"specialBoxLeftRecoveryCount":3,"coinPoolLeftRecoveryCount":2,"singleCoinValue":12,"singleCoinLevel":11,"singleCoinUpgradeCost":4557500,"coinPoolRecoverySpeed":12,"coinPoolRecoveryLevel":10,"coinPoolRecoveryUpgradeCost":1823000,"coinPoolTotalCount":20500,"coinPoolTotalLevel":11,"coinPoolTotalUpgradeCost":4557500,"swipeBotSpeedValue":"5.5","swipeBotLevel":4,"swipeBotUpgradeCost":9000000,"openSwipeBot":true,"swipeBotModifyDate":"2024-09-20T07:54:41Z","recoveryModifyDate":"2024-10-06"}}
200 {"code":0,"message":"Success","data":{"singleCoinValue":12,"coinPoolTotalCount":20500,"coinPoolLeftCount":19996,"coinPoolRecoverySpeed":12,"lastTimeStamp":1728193986}}
200 {"code":400037,"message":"get lock failed","data":null}
200 {"code":0,"message":"Success","data":{"gmtFirstInviteDate":null,"gmtModifyDate":null,"firstInviteReward":null,"inviteAmount":2163309,"totalAmount":47448084,"currentAmount":32655884,"rank":1357941,"userLevel":5,"userId":"1790058714077057024","levelInfo":{"rankName":"Shill","level":25}}}
200 {"code":0,"message":"Success","data":{"specialBoxLeftRecoveryCount":3,"coinPoolLeftRecoveryCount":2,"singleCoinValue":12,"singleCoinLevel":11,"singleCoinUpgradeCost":4557500,"coinPoolRecoverySpeed":12,"coinPoolRecoveryLevel":10,"coinPoolRecoveryUpgradeCost":1823000,"coinPoolTotalCount":20500,"coinPoolTotalLevel":11,"coinPoolTotalUpgradeCost":4557500,"swipeBotSpeedValue":"5.5","swipeBotLevel":4,"swipeBotUpgradeCost":9000000,"openSwipeBot":true,"swipeBotModifyDate":"2024-09-20T07:54:41Z","recoveryModifyDate":"2024-10-06"}}
200 {"code":0,"message":"Success","data":{"singleCoinValue":12,"coinPoolTotalCount":20500,"coinPoolLeftCount":19996,"coinPoolRecoverySpeed":12,"lastTimeStamp":1728194001}}
200 {"code":400037,"message":"get lock failed","data":null}
200 {"code":0,"message":"Success","data":{"gmtFirstInviteDate":null,"gmtModifyDate":null,"firstInviteReward":null,"inviteAmount":2163309,"totalAmount":47448276,"currentAmount":32656076,"rank":1357941,"userLevel":5,"userId":"1790058714077057024","levelInfo":{"rankName":"Shill","level":25}}}
200 {"code":0,"message":"Success","data":{"specialBoxLeftRecoveryCount":3,"coinPoolLeftRecoveryCount":2,"singleCoinValue":12,"singleCoinLevel":11,"singleCoinUpgradeCost":4557500,"coinPoolRecoverySpeed":12,"coinPoolRecoveryLevel":10,"coinPoolRecoveryUpgradeCost":1823000,"coinPoolTotalCount":20500,"coinPoolTotalLevel":11,"coinPoolTotalUpgradeCost":4557500,"swipeBotSpeedValue":"5.5","swipeBotLevel":4,"swipeBotUpgradeCost":9000000,"openSwipeBot":true,"swipeBotModifyDate":"2024-09-20T07:54:41Z","recoveryModifyDate":"2024-10-06"}}
200 {"code":0,"message":"Success","data":{"singleCoinValue":12,"coinPoolTotalCount":20500,"coinPoolLeftCount":19996,"coinPoolRecoverySpeed":12,"lastTimeStamp":1728194017}}
200 {"code":400037,"message":"get lock failed","data":null}
200 {"code":0,"message":"Success","data":{"gmtFirstInviteDate":null,"gmtModifyDate":null,"firstInviteReward":null,"inviteAmount":2163309,"totalAmount":47448468,"currentAmount":32656268,"rank":1357941,"userLevel":5,"userId":"1790058714077057024","levelInfo":{"rankName":"Shill","level":25}}}
200 {"code":0,"message":"Success","data":{"specialBoxLeftRecoveryCount":3,"coinPoolLeftRecoveryCount":2,"singleCoinValue":12,"singleCoinLevel":11,"singleCoinUpgradeCost":4557500,"coinPoolRecoverySpeed":12,"coinPoolRecoveryLevel":10,"coinPoolRecoveryUpgradeCost":1823000,"coinPoolTotalCount":20500,"coinPoolTotalLevel":11,"coinPoolTotalUpgradeCost":4557500,"swipeBotSpeedValue":"5.5","swipeBotLevel":4,"swipeBotUpgradeCost":9000000,"openSwipeBot":true,"swipeBotModifyDate":"2024-09-20T07:54:41Z","recoveryModifyDate":"2024-10-06"}}
200 {"code":0,"message":"Success","data":{"singleCoinValue":12,"coinPoolTotalCount":20500,"coinPoolLeftCount":19984,"coinPoolRecoverySpeed":12,"lastTimeStamp":1728194032}}
200 {"code":400037,"message":"get lock failed","data":null}
200 {"code":0,"message":"Success","data":{"gmtFirstInviteDate":null,"gmtModifyDate":null,"firstInviteReward":null,"inviteAmount":2163309,"totalAmount":47448660,"currentAmount":32656460,"rank":1357941,"userLevel":5,"userId":"1790058714077057024","levelInfo":{"rankName":"Shill","level":25}}}
200 {"code":0,"message":"Success","data":{"specialBoxLeftRecoveryCount":3,"coinPoolLeftRecoveryCount":2,"singleCoinValue":12,"singleCoinLevel":11,"singleCoinUpgradeCost":4557500,"coinPoolRecoverySpeed":12,"coinPoolRecoveryLevel":10,"coinPoolRecoveryUpgradeCost":1823000,"coinPoolTotalCount":20500,"coinPoolTotalLevel":11,"coinPoolTotalUpgradeCost":4557500,"swipeBotSpeedValue":"5.5","swipeBotLevel":4,"swipeBotUpgradeCost":9000000,"openSwipeBot":true,"swipeBotModifyDate":"2024-09-20T07:54:41Z","recoveryModifyDate":"2024-10-06"}}
200 {"code":0,"message":"Success","data":{"singleCoinValue":12,"coinPoolTotalCount":20500,"coinPoolLeftCount":19984,"coinPoolRecoverySpeed":12,"lastTimeStamp":1728194048}}
200 {"code":0,"message":"Success","data":{"collectAmount":600,"collectStatus":true,"currentAmount":32657060,"totalAmount":47449260}}
200 {"code":0,"message":"Success","data":{"gmtFirstInviteDate":null,"gmtModifyDate":null,"firstInviteReward":null,"inviteAmount":2163309,"totalAmount":47449464,"currentAmount":32657264,"rank":1357941,"userLevel":5,"userId":"1790058714077057024","levelInfo":{"rankName":"Shill","level":25}}}
200 {"code":0,"message":"Success","data":{"specialBoxLeftRecoveryCount":3,"coinPoolLeftRecoveryCount":2,"singleCoinValue":12,"singleCoinLevel":11,"singleCoinUpgradeCost":4557500,"coinPoolRecoverySpeed":12,"coinPoolRecoveryLevel":10,"coinPoolRecoveryUpgradeCost":1823000,"coinPoolTotalCount":20500,"coinPoolTotalLevel":11,"coinPoolTotalUpgradeCost":4557500,"swipeBotSpeedValue":"5.5","swipeBotLevel":4,"swipeBotUpgradeCost":9000000,"openSwipeBot":true,"swipeBotModifyDate":"2024-09-20T07:54:41Z","recoveryModifyDate":"2024-10-06"}}
200 {"code":0,"message":"Success","data":{"singleCoinValue":12,"coinPoolTotalCount":20500,"coinPoolLeftCount":19384,"coinPoolRecoverySpeed":12,"lastTimeStamp":1728194065}}
200 {"code":400037,"message":"get lock failed","data":null}
200 {"code":0,"message":"Success","data":{"gmtFirstInviteDate":null,"gmtModifyDate":null,"firstInviteReward":null,"inviteAmount":2163309,"totalAmount":47449560,"currentAmount":32657360,"rank":1357941,"userLevel":5,"userId":"1790058714077057024","levelInfo":{"rankName":"Shill","level":25}}}
200 {"code":0,"message":"Success","data":{"specialBoxLeftRecoveryCount":3,"coinPoolLeftRecoveryCount":2,"singleCoinValue":12,"singleCoinLevel":11,"singleCoinUpgradeCost":4557500,"coinPoolRecoverySpeed":12,"coinPoolRecoveryLevel":10,"coinPoolRecoveryUpgradeCost":1823000,"coinPoolTotalCount":20500,"coinPoolTotalLevel":11,"coinPoolTotalUpgradeCost":4557500,"swipeBotSpeedValue":"5.5","swipeBotLevel":4,"swipeBotUpgradeCost":9000000,"openSwipeBot":true,"swipeBotModifyDate":"2024-09-20T07:54:41Z","recoveryModifyDate":"2024-10-06"}}
200 {"code":0,"message":"Success","data":{"singleCoinValue":12,"coinPoolTotalCount":20500,"coinPoolLeftCount":19480,"coinPoolRecoverySpeed":12,"lastTimeStamp":1728194081}}
200 {"code":0,"message":"Success","data":{"collectAmount":552,"collectStatus":true,"currentAmount":32657912,"totalAmount":47450112}}
200 {"code":0,"message":"Success","data":{"gmtFirstInviteDate":null,"gmtModifyDate":null,"firstInviteReward":null,"inviteAmount":2163309,"totalAmount":47450112,"currentAmount":32657912,"rank":1357941,"userLevel":5,"userId":"1790058714077057024","levelInfo":{"rankName":"Shill","level":25}}}
200 {"code":0,"message":"Success","data":{"specialBoxLeftRecoveryCount":3,"coinPoolLeftRecoveryCount":2,"singleCoinValue":12,"singleCoinLevel":11,"singleCoinUpgradeCost":4557500,"coinPoolRecoverySpeed":12,"coinPoolRecoveryLevel":10,"coinPoolRecoveryUpgradeCost":1823000,"coinPoolTotalCount":20500,"coinPoolTotalLevel":11,"coinPoolTotalUpgradeCost":4557500,"swipeBotSpeedValue":"5.5","swipeBotLevel":4,"swipeBotUpgradeCost":9000000,"openSwipeBot":true,"swipeBotModifyDate":"2024-09-20T07:54:41Z","recoveryModifyDate":"2024-10-06"}}
200 {"code":0,"message":"Success","data":{"singleCoinValue":12,"coinPoolTotalCount":20500,"coinPoolLeftCount":19192,"coinPoolRecoverySpeed":12,"lastTimeStamp":1728194103}}
200 {"code":0,"message":"Success","data":{"collectAmount":384,"collectStatus":true,"currentAmount":32658296,"totalAmount":47450496}}
200 {"code":0,"message":"Success","data":{"gmtFirstInviteDate":null,"gmtModifyDate":null,"firstInviteReward":null,"inviteAmount":2163309,"totalAmount":47450496,"currentAmount":32658296,"rank":1357941,"userLevel":5,"userId":"1790058714077057024","levelInfo":{"rankName":"Shill","level":25}}}
200 {"code":0,"message":"Success","data":{"specialBoxLeftRecoveryCount":3,"coinPoolLeftRecoveryCount":2,"singleCoinValue":12,"singleCoinLevel":11,"singleCoinUpgradeCost":4557500,"coinPoolRecoverySpeed":12,"coinPoolRecoveryLevel":10,"coinPoolRecoveryUpgradeCost":1823000,"coinPoolTotalCount":20500,"coinPoolTotalLevel":11,"coinPoolTotalUpgradeCost":4557500,"swipeBotSpeedValue":"5.5","swipeBotLevel":4,"swipeBotUpgradeCost":9000000,"openSwipeBot":true,"swipeBotModifyDate":"2024-09-20T07:54:41Z","recoveryModifyDate":"2024-10-06"}}
200 {"code":0,"message":"Success","data":{"singleCoinValue":12,"coinPoolTotalCount":20500,"coinPoolLeftCount":19072,"coinPoolRecoverySpeed":12,"lastTimeStamp":1728194125}}
200 {"code":0,"message":"Success","data":{"collectAmount":444,"collectStatus":true,"currentAmount":32658740,"totalAmount":47450940}}
200 {"code":0,"message":"Success","data":{"gmtFirstInviteDate":null,"gmtModifyDate":null,"firstInviteReward":null,"inviteAmount":2163309,"totalAmount":47450940,"currentAmount":32658740,"rank":1357941,"userLevel":5,"userId":"1790058714077057024","levelInfo":{"rankName":"Shill","level":25}}}
200 {"code":0,"message":"Success","data":{"specialBoxLeftRecoveryCount":3,"coinPoolLeftRecoveryCount":2,"singleCoinValue":12,"singleCoinLevel":11,"singleCoinUpgradeCost":4557500,"coinPoolRecoverySpeed":12,"coinPoolRecoveryLevel":10,"coinPoolRecoveryUpgradeCost":1823000,"coinPoolTotalCount":20500,"coinPoolTotalLevel":11,"coinPoolTotalUpgradeCost":4557500,"swipeBotSpeedValue":"5.5","swipeBotLevel":4,"swipeBotUpgradeCost":9000000,"openSwipeBot":true,"swipeBotModifyDate":"2024-09-20T07:54:41Z","recoveryModifyDate":"2024-10-06"}}
200 {"code":0,"message":"Success","data":{"singleCoinValue":12,"coinPoolTotalCount":20500,"coinPoolLeftCount":18844,"coinPoolRecoverySpeed":12,"lastTimeStamp":1728194143}}
200 {"code":0,"message":"Success","data":{"collectAmount":420,"collectStatus":true,"currentAmount":32659160,"totalAmount":47451360}}
200 {"code":0,"message":"Success","data":{"gmtFirstInviteDate":null,"gmtModifyDate":null,"firstInviteReward":null,"inviteAmount":2163309,"totalAmount":47451360,"currentAmount":32659160,"rank":1357941,"userLevel":5,"userId":"1790058714077057024","levelInfo":{"rankName":"Shill","level":25}}}
200 {"code":0,"message":"Success","data":{"specialBoxLeftRecoveryCount":3,"coinPoolLeftRecoveryCount":2,"singleCoinValue":12,"singleCoinLevel":11,"singleCoinUpgradeCost":4557500,"coinPoolRecoverySpeed":12,"coinPoolRecoveryLevel":10,"coinPoolRecoveryUpgradeCost":1823000,"coinPoolTotalCount":20500,"coinPoolTotalLevel":11,"coinPoolTotalUpgradeCost":4557500,"swipeBotSpeedValue":"5.5","swipeBotLevel":4,"swipeBotUpgradeCost":9000000,"openSwipeBot":true,"swipeBotModifyDate":"2024-09-20T07:54:41Z","recoveryModifyDate":"2024-10-06"}}
200 {"code":0,"message":"Success","data":{"singleCoinValue":12,"coinPoolTotalCount":20500,"coinPoolLeftCount":18592,"coinPoolRecoverySpeed":12,"lastTimeStamp":1728194157}}
200 {"code":0,"message":"Success","data":{"collectAmount":456,"collectStatus":true,"currentAmount":32659616,"totalAmount":47451816}}
200 {"code":0,"message":"Success","data":{"gmtFirstInviteDate":null,"gmtModifyDate":null,"firstInviteReward":null,"inviteAmount":2163309,"totalAmount":47451816,"currentAmount":32659616,"rank":1357941,"userLevel":5,"userId":"1790058714077057024","levelInfo":{"rankName":"Shill","level":25}}}
200 {"code":0,"message":"Success","data":{"specialBoxLeftRecoveryCount":3,"coinPoolLeftRecoveryCount":2,"singleCoinValue":12,"singleCoinLevel":11,"singleCoinUpgradeCost":4557500,"coinPoolRecoverySpeed":12,"coinPoolRecoveryLevel":10,"coinPoolRecoveryUpgradeCost":1823000,"coinPoolTotalCount":20500,"coinPoolTotalLevel":11,"coinPoolTotalUpgradeCost":4557500,"swipeBotSpeedValue":"5.5","swipeBotLevel":4,"swipeBotUpgradeCost":9000000,"openSwipeBot":true,"swipeBotModifyDate":"2024-09-20T07:54:41Z","recoveryModifyDate":"2024-10-06"}}
200 {"code":0,"message":"Success","data":{"singleCoinValue":12,"coinPoolTotalCount":20500,"coinPoolLeftCount":18364,"coinPoolRecoverySpeed":12,"lastTimeStamp":1728194176}}
200 {"code":0,"message":"Success","data":{"collectAmount":468,"collectStatus":true,"currentAmount":32660084,"totalAmount":47452284}}
200 {"code":0,"message":"Success","data":{"gmtFirstInviteDate":null,"gmtModifyDate":null,"firstInviteReward":null,"inviteAmount":2163309,"totalAmount":47452284,"currentAmount":32660084,"rank":1357941,"userLevel":5,"userId":"1790058714077057024","levelInfo":{"rankName":"Shill","level":25}}}
200 {"code":0,"message":"Success","data":{"specialBoxLeftRecoveryCount":3,"coinPoolLeftRecoveryCount":2,"singleCoinValue":12,"singleCoinLevel":11,"singleCoinUpgradeCost":4557500,"coinPoolRecoverySpeed":12,"coinPoolRecoveryLevel":10,"coinPoolRecoveryUpgradeCost":1823000,"coinPoolTotalCount":20500,"coinPoolTotalLevel":11,"coinPoolTotalUpgradeCost":4557500,"swipeBotSpeedValue":"5.5","swipeBotLevel":4,"swipeBotUpgradeCost":9000000,"openSwipeBot":true,"swipeBotModifyDate":"2024-09-20T07:54:41Z","recoveryModifyDate":"2024-10-06"}}
200 {"code":0,"message":"Success","data":{"singleCoinValue":12,"coinPoolTotalCount":20500,"coinPoolLeftCount":18076,"coinPoolRecoverySpeed":12,"lastTimeStamp":1728194191}}
200 {"code":0,"message":"Success","data":{"collectAmount":432,"collectStatus":true,"currentAmount":32660516,"totalAmount":47452716}}
200 {"code":0,"message":"Success","data":{"gmtFirstInviteDate":null,"gmtModifyDate":null,"firstInviteReward":null,"inviteAmount":2163309,"totalAmount":47452716,"currentAmount":32660516,"rank":1357941,"userLevel":5,"userId":"1790058714077057024","levelInfo":{"rankName":"Shill","level":25}}}
200 {"code":0,"message":"Success","data":{"specialBoxLeftRecoveryCount":3,"coinPoolLeftRecoveryCount":2,"singleCoinValue":12,"singleCoinLevel":11,"singleCoinUpgradeCost":4557500,"coinPoolRecoverySpeed":12,"coinPoolRecoveryLevel":10,"coinPoolRecoveryUpgradeCost":1823000,"coinPoolTotalCount":20500,"coinPoolTotalLevel":11,"coinPoolTotalUpgradeCost":4557500,"swipeBotSpeedValue":"5.5","swipeBotLevel":4,"swipeBotUpgradeCost":9000000,"openSwipeBot":true,"swipeBotModifyDate":"2024-09-20T07:54:41Z","recoveryModifyDate":"2024-10-06"}}
200 {"code":0,"message":"Success","data":{"singleCoinValue":12,"coinPoolTotalCount":20500,"coinPoolLeftCount":17860,"coinPoolRecoverySpeed":12,"lastTimeStamp":1728194209}}
200 {"code":0,"message":"Success","data":{"collectAmount":552,"collectStatus":true,"currentAmount":32661068,"totalAmount":47453268}}
200 {"code":0,"message":"Success","data":{"gmtFirstInviteDate":null,"gmtModifyDate":null,"firstInviteReward":null,"inviteAmount":2163309,"totalAmount":47453268,"currentAmount":32661068,"rank":1357941,"userLevel":5,"userId":"1790058714077057024","levelInfo":{"rankName":"Shill","level":25}}}
200 {"code":0,"message":"Success","data":{"specialBoxLeftRecoveryCount":3,"coinPoolLeftRecoveryCount":2,"singleCoinValue":12,"singleCoinLevel":11,"singleCoinUpgradeCost":4557500,"coinPoolRecoverySpeed":12,"coinPoolRecoveryLevel":10,"coinPoolRecoveryUpgradeCost":1823000,"coinPoolTotalCount":20500,"coinPoolTotalLevel":11,"coinPoolTotalUpgradeCost":4557500,"swipeBotSpeedValue":"5.5","swipeBotLevel":4,"swipeBotUpgradeCost":9000000,"openSwipeBot":true,"swipeBotModifyDate":"2024-09-20T07:54:41Z","recoveryModifyDate":"2024-10-06"}}
200 {"code":0,"message":"Success","data":{"singleCoinValue":12,"coinPoolTotalCount":20500,"coinPoolLeftCount":17488,"coinPoolRecoverySpeed":12,"lastTimeStamp":1728194224}}
200 {"code":0,"message":"Success","data":{"collectAmount":468,"collectStatus":true,"currentAmount":32661536,"totalAmount":47453736}}
200 {"code":0,"message":"Success","data":{"gmtFirstInviteDate":null,"gmtModifyDate":null,"firstInviteReward":null,"inviteAmount":2163309,"totalAmount":47453736,"currentAmount":32661536,"rank":1357941,"userLevel":5,"userId":"1790058714077057024","levelInfo":{"rankName":"Shill","level":25}}}
200 {"code":0,"message":"Success","data":{"specialBoxLeftRecoveryCount":3,"coinPoolLeftRecoveryCount":2,"singleCoinValue":12,"singleCoinLevel":11,"singleCoinUpgradeCost":4557500,"coinPoolRecoverySpeed":12,"coinPoolRecoveryLevel":10,"coinPoolRecoveryUpgradeCost":1823000,"coinPoolTotalCount":20500,"coinPoolTotalLevel":11,"coinPoolTotalUpgradeCost":4557500,"swipeBotSpeedValue":"5.5","swipeBotLevel":4,"swipeBotUpgradeCost":9000000,"openSwipeBot":true,"swipeBotModifyDate":"2024-09-20T07:54:41Z","recoveryModifyDate":"2024-10-06"}}
200 {"code":0,"message":"Success","data":{"singleCoinValue":12,"coinPoolTotalCount":20500,"coinPoolLeftCount":17224,"coinPoolRecoverySpeed":12,"lastTimeStamp":1728194241}}
200 {"code":0,"message":"Success","data":{"collectAmount":528,"collectStatus":true,"currentAmount":32662064,"totalAmount":47454264}}
200 {"code":0,"message":"Success","data":{"gmtFirstInviteDate":null,"gmtModifyDate":null,"firstInviteReward":null,"inviteAmount":2163309,"totalAmount":47454264,"currentAmount":32662064,"rank":1357941,"userLevel":5,"userId":"1790058714077057024","levelInfo":{"rankName":"Shill","level":25}}}
200 {"code":0,"message":"Success","data":{"specialBoxLeftRecoveryCount":3,"coinPoolLeftRecoveryCount":2,"singleCoinValue":12,"singleCoinLevel":11,"singleCoinUpgradeCost":4557500,"coinPoolRecoverySpeed":12,"coinPoolRecoveryLevel":10,"coinPoolRecoveryUpgradeCost":1823000,"coinPoolTotalCount":20500,"coinPoolTotalLevel":11,"coinPoolTotalUpgradeCost":4557500,"swipeBotSpeedValue":"5.5","swipeBotLevel":4,"swipeBotUpgradeCost":9000000,"openSwipeBot":true,"swipeBotModifyDate":"2024-09-20T07:54:41Z","recoveryModifyDate":"2024-10-06"}}
200 {"code":0,"message":"Success","data":{"singleCoinValue":12,"coinPoolTotalCount":20500,"coinPoolLeftCount":16912,"coinPoolRecoverySpeed":12,"lastTimeStamp":1728194259}}
200 {"code":0,"message":"Success","data":{"collectAmount":420,"collectStatus":true,"currentAmount":32662484,"totalAmount":47454684}}
200 {"code":0,"message":"Success","data":{"gmtFirstInviteDate":null,"gmtModifyDate":null,"firstInviteReward":null,"inviteAmount":2163309,"totalAmount":47454684,"currentAmount":32662484,"rank":1357941,"userLevel":5,"userId":"1790058714077057024","levelInfo":{"rankName":"Shill","level":25}}}
200 {"code":0,"message":"Success","data":{"specialBoxLeftRecoveryCount":3,"coinPoolLeftRecoveryCount":2,"singleCoinValue":12,"singleCoinLevel":11,"singleCoinUpgradeCost":4557500,"coinPoolRecoverySpeed":12,"coinPoolRecoveryLevel":10,"coinPoolRecoveryUpgradeCost":1823000,"coinPoolTotalCount":20500,"coinPoolTotalLevel":11,"coinPoolTotalUpgradeCost":4557500,"swipeBotSpeedValue":"5.5","swipeBotLevel":4,"swipeBotUpgradeCost":9000000,"openSwipeBot":true,"swipeBotModifyDate":"2024-09-20T07:54:41Z","recoveryModifyDate":"2024-10-06"}}
200 {"code":0,"message":"Success","data":{"singleCoinValue":12,"coinPoolTotalCount":20500,"coinPoolLeftCount":16696,"coinPoolRecoverySpeed":12,"lastTimeStamp":1728194276}}
200 {"code":0,"message":"Success","data":{"collectAmount":360,"collectStatus":true,"currentAmount":32662844,"totalAmount":47455044}}
200 {"code":0,"message":"Success","data":{"gmtFirstInviteDate":null,"gmtModifyDate":null,"firstInviteReward":null,"inviteAmount":2163309,"totalAmount":47455044,"currentAmount":32662844,"rank":1357941,"userLevel":5,"userId":"1790058714077057024","levelInfo":{"rankName":"Shill","level":25}}}
200 {"code":0,"message":"Success","data":{"specialBoxLeftRecoveryCount":3,"coinPoolLeftRecoveryCount":2,"singleCoinValue":12,"singleCoinLevel":11,"singleCoinUpgradeCost":4557500,"coinPoolRecoverySpeed":12,"coinPoolRecoveryLevel":10,"coinPoolRecoveryUpgradeCost":1823000,"coinPoolTotalCount":20500,"coinPoolTotalLevel":11,"coinPoolTotalUpgradeCost":4557500,"swipeBotSpeedValue":"5.5","swipeBotLevel":4,"swipeBotUpgradeCost":9000000,"openSwipeBot":true,"swipeBotModifyDate":"2024-09-20T07:54:41Z","recoveryModifyDate":"2024-10-06"}}
200 {"code":0,"message":"Success","data":{"singleCoinValue":12,"coinPoolTotalCount":20500,"coinPoolLeftCount":16540,"coinPoolRecoverySpeed":12,"lastTimeStamp":1728194293}}
200 {"code":0,"message":"Success","data":{"collectAmount":408,"collectStatus":true,"currentAmount":32663252,"totalAmount":47455452}}
200 {"code":0,"message":"Success","data":{"gmtFirstInviteDate":null,"gmtModifyDate":null,"firstInviteReward":null,"inviteAmount":2163309,"totalAmount":47455452,"currentAmount":32663252,"rank":1357941,"userLevel":5,"userId":"1790058714077057024","levelInfo":{"rankName":"Shill","level":25}}}
200 {"code":0,"message":"Success","data":{"specialBoxLeftRecoveryCount":3,"coinPoolLeftRecoveryCount":2,"singleCoinValue":12,"singleCoinLevel":11,"singleCoinUpgradeCost":4557500,"coinPoolRecoverySpeed":12,"coinPoolRecoveryLevel":10,"coinPoolRecoveryUpgradeCost":1823000,"coinPoolTotalCount":20500,"coinPoolTotalLevel":11,"coinPoolTotalUpgradeCost":4557500,"swipeBotSpeedValue":"5.5","swipeBotLevel":4,"swipeBotUpgradeCost":9000000,"openSwipeBot":true,"swipeBotModifyDate":"2024-09-20T07:54:41Z","recoveryModifyDate":"2024-10-06"}}
200 {"code":0,"message":"Success","data":{"singleCoinValue":12,"coinPoolTotalCount":20500,"coinPoolLeftCount":16324,"coinPoolRecoverySpeed":12,"lastTimeStamp":1728194309}}
200 {"code":0,"message":"Success","data":{"collectAmount":444,"collectStatus":true,"currentAmount":32663696,"totalAmount":47455896}}
200 {"code":0,"message":"Success","data":{"gmtFirstInviteDate":null,"gmtModifyDate":null,"firstInviteReward":null,"inviteAmount":2163309,"totalAmount":47455896,"currentAmount":32663696,"rank":1357941,"userLevel":5,"userId":"1790058714077057024","levelInfo":{"rankName":"Shill","level":25}}}
200 {"code":0,"message":"Success","data":{"specialBoxLeftRecoveryCount":3,"coinPoolLeftRecoveryCount":2,"singleCoinValue":12,"singleCoinLevel":11,"singleCoinUpgradeCost":4557500,"coinPoolRecoverySpeed":12,"coinPoolRecoveryLevel":10,"coinPoolRecoveryUpgradeCost":1823000,"coinPoolTotalCount":20500,"coinPoolTotalLevel":11,"coinPoolTotalUpgradeCost":4557500,"swipeBotSpeedValue":"5.5","swipeBotLevel":4,"swipeBotUpgradeCost":9000000,"openSwipeBot":true,"swipeBotModifyDate":"2024-09-20T07:54:41Z","recoveryModifyDate":"2024-10-06"}}
200 {"code":0,"message":"Success","data":{"singleCoinValue":12,"coinPoolTotalCount":20500,"coinPoolLeftCount":16084,"coinPoolRecoverySpeed":12,"lastTimeStamp":1728194326}}
200 {"code":0,"message":"Success","data":{"collectAmount":420,"collectStatus":true,"currentAmount":32664116,"totalAmount":47456316}}
200 {"code":0,"message":"Success","data":{"gmtFirstInviteDate":null,"gmtModifyDate":null,"firstInviteReward":null,"inviteAmount":2163309,"totalAmount":47456316,"currentAmount":32664116,"rank":1357941,"userLevel":5,"userId":"1790058714077057024","levelInfo":{"rankName":"Shill","level":25}}}
200 {"code":0,"message":"Success","data":{"specialBoxLeftRecoveryCount":3,"coinPoolLeftRecoveryCount":2,"singleCoinValue":12,"singleCoinLevel":11,"singleCoinUpgradeCost":4557500,"coinPoolRecoverySpeed":12,"coinPoolRecoveryLevel":10,"coinPoolRecoveryUpgradeCost":1823000,"coinPoolTotalCount":20500,"coinPoolTotalLevel":11,"coinPoolTotalUpgradeCost":4557500,"swipeBotSpeedValue":"5.5","swipeBotLevel":4,"swipeBotUpgradeCost":9000000,"openSwipeBot":true,"swipeBotModifyDate":"2024-09-20T07:54:41Z","recoveryModifyDate":"2024-10-06"}}
200 {"code":0,"message":"Success","data":{"singleCoinValue":12,"coinPoolTotalCount":20500,"coinPoolLeftCount":15856,"coinPoolRecoverySpeed":12,"lastTimeStamp":1728194342}}
200 {"code":0,"message":"Success","data":{"collectAmount":504,"collectStatus":true,"currentAmount":32664620,"totalAmount":47456820}}
200 {"code":0,"message":"Success","data":{"gmtFirstInviteDate":null,"gmtModifyDate":null,"firstInviteReward":null,"inviteAmount":2163309,"totalAmount":47456820,"currentAmount":32664620,"rank":1342413,"userLevel":5,"userId":"1790058714077057024","levelInfo":{"rankName":"Shill","level":25}}}
200 {"code":0,"message":"Success","data":{"specialBoxLeftRecoveryCount":3,"coinPoolLeftRecoveryCount":2,"singleCoinValue":12,"singleCoinLevel":11,"singleCoinUpgradeCost":4557500,"coinPoolRecoverySpeed":12,"coinPoolRecoveryLevel":10,"coinPoolRecoveryUpgradeCost":1823000,"coinPoolTotalCount":20500,"coinPoolTotalLevel":11,"coinPoolTotalUpgradeCost":4557500,"swipeBotSpeedValue":"5.5","swipeBotLevel":4,"swipeBotUpgradeCost":9000000,"openSwipeBot":true,"swipeBotModifyDate":"2024-09-20T07:54:41Z","recoveryModifyDate":"2024-10-06"}}
200 {"code":0,"message":"Success","data":{"singleCoinValue":12,"coinPoolTotalCount":20500,"coinPoolLeftCount":15544,"coinPoolRecoverySpeed":12,"lastTimeStamp":1728194358}}
200 {"code":0,"message":"Success","data":{"collectAmount":528,"collectStatus":true,"currentAmount":32665148,"totalAmount":47457348}}
200 {"code":0,"message":"Success","data":{"gmtFirstInviteDate":null,"gmtModifyDate":null,"firstInviteReward":null,"inviteAmount":2163309,"totalAmount":47457348,"currentAmount":32665148,"rank":1342413,"userLevel":5,"userId":"1790058714077057024","levelInfo":{"rankName":"Shill","level":25}}}
200 {"code":0,"message":"Success","data":{"specialBoxLeftRecoveryCount":3,"coinPoolLeftRecoveryCount":2,"singleCoinValue":12,"singleCoinLevel":11,"singleCoinUpgradeCost":4557500,"coinPoolRecoverySpeed":12,"coinPoolRecoveryLevel":10,"coinPoolRecoveryUpgradeCost":1823000,"coinPoolTotalCount":20500,"coinPoolTotalLevel":11,"coinPoolTotalUpgradeCost":4557500,"swipeBotSpeedValue":"5.5","swipeBotLevel":4,"swipeBotUpgradeCost":9000000,"openSwipeBot":true,"swipeBotModifyDate":"2024-09-20T07:54:41Z","recoveryModifyDate":"2024-10-06"}}
200 {"code":0,"message":"Success","data":{"singleCoinValue":12,"coinPoolTotalCount":20500,"coinPoolLeftCount":15196,"coinPoolRecoverySpeed":12,"lastTimeStamp":1728194373}}
200 {"code":0,"message":"Success","data":{"collectAmount":600,"collectStatus":true,"currentAmount":32665748,"totalAmount":47457948}}
200 {"code":0,"message":"Success","data":{"gmtFirstInviteDate":null,"gmtModifyDate":null,"firstInviteReward":null,"inviteAmount":2163309,"totalAmount":47457948,"currentAmount":32665748,"rank":1342413,"userLevel":5,"userId":"1790058714077057024","levelInfo":{"rankName":"Shill","level":25}}}
200 {"code":0,"message":"Success","data":{"specialBoxLeftRecoveryCount":3,"coinPoolLeftRecoveryCount":2,"singleCoinValue":12,"singleCoinLevel":11,"singleCoinUpgradeCost":4557500,"coinPoolRecoverySpeed":12,"coinPoolRecoveryLevel":10,"coinPoolRecoveryUpgradeCost":1823000,"coinPoolTotalCount":20500,"coinPoolTotalLevel":11,"coinPoolTotalUpgradeCost":4557500,"swipeBotSpeedValue":"5.5","swipeBotLevel":4,"swipeBotUpgradeCost":9000000,"openSwipeBot":true,"swipeBotModifyDate":"2024-09-20T07:54:41Z","recoveryModifyDate":"2024-10-06"}}
200 {"code":0,"message":"Success","data":{"singleCoinValue":12,"coinPoolTotalCount":20500,"coinPoolLeftCount":14800,"coinPoolRecoverySpeed":12,"lastTimeStamp":1728194390}}
200 {"code":0,"message":"Success","data":{"collectAmount":468,"collectStatus":true,"currentAmount":32666216,"totalAmount":47458416}}
200 {"code":0,"message":"Success","data":{"gmtFirstInviteDate":null,"gmtModifyDate":null,"firstInviteReward":null,"inviteAmount":2163309,"totalAmount":47458416,"currentAmount":32666216,"rank":1342413,"userLevel":5,"userId":"1790058714077057024","levelInfo":{"rankName":"Shill","level":25}}}
200 {"code":0,"message":"Success","data":{"specialBoxLeftRecoveryCount":3,"coinPoolLeftRecoveryCount":2,"singleCoinValue":12,"singleCoinLevel":11,"singleCoinUpgradeCost":4557500,"coinPoolRecoverySpeed":12,"coinPoolRecoveryLevel":10,"coinPoolRecoveryUpgradeCost":1823000,"coinPoolTotalCount":20500,"coinPoolTotalLevel":11,"coinPoolTotalUpgradeCost":4557500,"swipeBotSpeedValue":"5.5","swipeBotLevel":4,"swipeBotUpgradeCost":9000000,"openSwipeBot":true,"swipeBotModifyDate":"2024-09-20T07:54:41Z","recoveryModifyDate":"2024-10-06"}}
200 {"code":0,"message":"Success","data":{"singleCoinValue":12,"coinPoolTotalCount":20500,"coinPoolLeftCount":14536,"coinPoolRecoverySpeed":12,"lastTimeStamp":1728194407}}
200 {"code":0,"message":"Success","data":{"collectAmount":492,"collectStatus":true,"currentAmount":32666708,"totalAmount":47458908}}
200 {"code":0,"message":"Success","data":{"gmtFirstInviteDate":null,"gmtModifyDate":null,"firstInviteReward":null,"inviteAmount":2163309,"totalAmount":47458908,"currentAmount":32666708,"rank":1342413,"userLevel":5,"userId":"1790058714077057024","levelInfo":{"rankName":"Shill","level":25}}}
200 {"code":0,"message":"Success","data":{"specialBoxLeftRecoveryCount":3,"coinPoolLeftRecoveryCount":2,"singleCoinValue":12,"singleCoinLevel":11,"singleCoinUpgradeCost":4557500,"coinPoolRecoverySpeed":12,"coinPoolRecoveryLevel":10,"coinPoolRecoveryUpgradeCost":1823000,"coinPoolTotalCount":20500,"coinPoolTotalLevel":11,"coinPoolTotalUpgradeCost":4557500,"swipeBotSpeedValue":"5.5","swipeBotLevel":4,"swipeBotUpgradeCost":9000000,"openSwipeBot":true,"swipeBotModifyDate":"2024-09-20T07:54:41Z","recoveryModifyDate":"2024-10-06"}}
200 {"code":0,"message":"Success","data":{"singleCoinValue":12,"coinPoolTotalCount":20500,"coinPoolLeftCount":14236,"coinPoolRecoverySpeed":12,"lastTimeStamp":1728194423}}
200 {"code":0,"message":"Success","data":{"collectAmount":588,"collectStatus":true,"currentAmount":32667296,"totalAmount":47459496}}
200 {"code":0,"message":"Success","data":{"gmtFirstInviteDate":null,"gmtModifyDate":null,"firstInviteReward":null,"inviteAmount":2163309,"totalAmount":47459496,"currentAmount":32667296,"rank":1342413,"userLevel":5,"userId":"1790058714077057024","levelInfo":{"rankName":"Shill","level":25}}}
200 {"code":0,"message":"Success","data":{"specialBoxLeftRecoveryCount":3,"coinPoolLeftRecoveryCount":2,"singleCoinValue":12,"singleCoinLevel":11,"singleCoinUpgradeCost":4557500,"coinPoolRecoverySpeed":12,"coinPoolRecoveryLevel":10,"coinPoolRecoveryUpgradeCost":1823000,"coinPoolTotalCount":20500,"coinPoolTotalLevel":11,"coinPoolTotalUpgradeCost":4557500,"swipeBotSpeedValue":"5.5","swipeBotLevel":4,"swipeBotUpgradeCost":9000000,"openSwipeBot":true,"swipeBotModifyDate":"2024-09-20T07:54:41Z","recoveryModifyDate":"2024-10-06"}}
200 {"code":0,"message":"Success","data":{"singleCoinValue":12,"coinPoolTotalCount":20500,"coinPoolLeftCount":13888,"coinPoolRecoverySpeed":12,"lastTimeStamp":1728194443}}
200 {"code":0,"message":"Success","data":{"collectAmount":420,"collectStatus":true,"currentAmount":32667716,"totalAmount":47459916}}
200 {"code":0,"message":"Success","data":{"gmtFirstInviteDate":null,"gmtModifyDate":null,"firstInviteReward":null,"inviteAmount":2163309,"totalAmount":47459916,"currentAmount":32667716,"rank":1342413,"userLevel":5,"userId":"1790058714077057024","levelInfo":{"rankName":"Shill","level":25}}}
200 {"code":0,"message":"Success","data":{"specialBoxLeftRecoveryCount":3,"coinPoolLeftRecoveryCount":2,"singleCoinValue":12,"singleCoinLevel":11,"singleCoinUpgradeCost":4557500,"coinPoolRecoverySpeed":12,"coinPoolRecoveryLevel":10,"coinPoolRecoveryUpgradeCost":1823000,"coinPoolTotalCount":20500,"coinPoolTotalLevel":11,"coinPoolTotalUpgradeCost":4557500,"swipeBotSpeedValue":"5.5","swipeBotLevel":4,"swipeBotUpgradeCost":9000000,"openSwipeBot":true,"swipeBotModifyDate":"2024-09-20T07:54:41Z","recoveryModifyDate":"2024-10-06"}}
200 {"code":0,"message":"Success","data":{"singleCoinValue":12,"coinPoolTotalCount":20500,"coinPoolLeftCount":13648,"coinPoolRecoverySpeed":12,"lastTimeStamp":1728194458}}
200 {"code":0,"message":"Success","data":{"collectAmount":408,"collectStatus":true,"currentAmount":32668124,"totalAmount":47460324}}
200 {"code":0,"message":"Success","data":{"gmtFirstInviteDate":null,"gmtModifyDate":null,"firstInviteReward":null,"inviteAmount":2163309,"totalAmount":47460324,"currentAmount":32668124,"rank":1342413,"userLevel":5,"userId":"1790058714077057024","levelInfo":{"rankName":"Shill","level":25}}}
200 {"code":0,"message":"Success","data":{"specialBoxLeftRecoveryCount":3,"coinPoolLeftRecoveryCount":2,"singleCoinValue":12,"singleCoinLevel":11,"singleCoinUpgradeCost":4557500,"coinPoolRecoverySpeed":12,"coinPoolRecoveryLevel":10,"coinPoolRecoveryUpgradeCost":1823000,"coinPoolTotalCount":20500,"coinPoolTotalLevel":11,"coinPoolTotalUpgradeCost":4557500,"swipeBotSpeedValue":"5.5","swipeBotLevel":4,"swipeBotUpgradeCost":9000000,"openSwipeBot":true,"swipeBotModifyDate":"2024-09-20T07:54:41Z","recoveryModifyDate":"2024-10-06"}}
200 {"code":0,"message":"Success","data":{"singleCoinValue":12,"coinPoolTotalCount":20500,"coinPoolLeftCount":13432,"coinPoolRecoverySpeed":12,"lastTimeStamp":1728194474}}
200 {"code":0,"message":"Success","data":{"collectAmount":480,"collectStatus":true,"currentAmount":32668604,"totalAmount":47460804}}
200 {"code":0,"message":"Success","data":{"gmtFirstInviteDate":null,"gmtModifyDate":null,"firstInviteReward":null,"inviteAmount":2163309,"totalAmount":47460804,"currentAmount":32668604,"rank":1342413,"userLevel":5,"userId":"1790058714077057024","levelInfo":{"rankName":"Shill","level":25}}}
200 {"code":0,"message":"Success","data":{"specialBoxLeftRecoveryCount":3,"coinPoolLeftRecoveryCount":2,"singleCoinValue":12,"singleCoinLevel":11,"singleCoinUpgradeCost":4557500,"coinPoolRecoverySpeed":12,"coinPoolRecoveryLevel":10,"coinPoolRecoveryUpgradeCost":1823000,"coinPoolTotalCount":20500,"coinPoolTotalLevel":11,"coinPoolTotalUpgradeCost":4557500,"swipeBotSpeedValue":"5.5","swipeBotLevel":4,"swipeBotUpgradeCost":9000000,"openSwipeBot":true,"swipeBotModifyDate":"2024-09-20T07:54:41Z","recoveryModifyDate":"2024-10-06"}}
200 {"code":0,"message":"Success","data":{"singleCoinValue":12,"coinPoolTotalCount":20500,"coinPoolLeftCount":13132,"coinPoolRecoverySpeed":12,"lastTimeStamp":1728194489}}
200 {"code":0,"message":"Success","data":{"collectAmount":444,"collectStatus":true,"currentAmount":32669048,"totalAmount":47461248}}
200 {"code":0,"message":"Success","data":{"gmtFirstInviteDate":null,"gmtModifyDate":null,"firstInviteReward":null,"inviteAmount":2163309,"totalAmount":47461248,"currentAmount":32669048,"rank":1342413,"userLevel":5,"userId":"1790058714077057024","levelInfo":{"rankName":"Shill","level":25}}}
200 {"code":0,"message":"Success","data":{"specialBoxLeftRecoveryCount":3,"coinPoolLeftRecoveryCount":2,"singleCoinValue":12,"singleCoinLevel":11,"singleCoinUpgradeCost":4557500,"coinPoolRecoverySpeed":12,"coinPoolRecoveryLevel":10,"coinPoolRecoveryUpgradeCost":1823000,"coinPoolTotalCount":20500,"coinPoolTotalLevel":11,"coinPoolTotalUpgradeCost":4557500,"swipeBotSpeedValue":"5.5","swipeBotLevel":4,"swipeBotUpgradeCost":9000000,"openSwipeBot":true,"swipeBotModifyDate":"2024-09-20T07:54:41Z","recoveryModifyDate":"2024-10-06"}}
200 {"code":0,"message":"Success","data":{"singleCoinValue":12,"coinPoolTotalCount":20500,"coinPoolLeftCount":12880,"coinPoolRecoverySpeed":12,"lastTimeStamp":1728194505}}
200 {"code":0,"message":"Success","data":{"collectAmount":576,"collectStatus":true,"currentAmount":32669624,"totalAmount":47461824}}
200 {"code":0,"message":"Success","data":{"gmtFirstInviteDate":null,"gmtModifyDate":null,"firstInviteReward":null,"inviteAmount":2163309,"totalAmount":47461824,"currentAmount":32669624,"rank":1342413,"userLevel":5,"userId":"1790058714077057024","levelInfo":{"rankName":"Shill","level":25}}}
200 {"code":0,"message":"Success","data":{"specialBoxLeftRecoveryCount":3,"coinPoolLeftRecoveryCount":2,"singleCoinValue":12,"singleCoinLevel":11,"singleCoinUpgradeCost":4557500,"coinPoolRecoverySpeed":12,"coinPoolRecoveryLevel":10,"coinPoolRecoveryUpgradeCost":1823000,"coinPoolTotalCount":20500,"coinPoolTotalLevel":11,"coinPoolTotalUpgradeCost":4557500,"swipeBotSpeedValue":"5.5","swipeBotLevel":4,"swipeBotUpgradeCost":9000000,"openSwipeBot":true,"swipeBotModifyDate":"2024-09-20T07:54:41Z","recoveryModifyDate":"2024-10-06"}}
200 {"code":0,"message":"Success","data":{"singleCoinValue":12,"coinPoolTotalCount":20500,"coinPoolLeftCount":12472,"coinPoolRecoverySpeed":12,"lastTimeStamp":1728194519}}
200 {"code":0,"message":"Success","data":{"collectAmount":504,"collectStatus":true,"currentAmount":32670128,"totalAmount":47462328}}
200 {"code":0,"message":"Success","data":{"gmtFirstInviteDate":null,"gmtModifyDate":null,"firstInviteReward":null,"inviteAmount":2163309,"totalAmount":47462328,"currentAmount":32670128,"rank":1342413,"userLevel":5,"userId":"1790058714077057024","levelInfo":{"rankName":"Shill","level":25}}}
200 {"code":0,"message":"Success","data":{"specialBoxLeftRecoveryCount":3,"coinPoolLeftRecoveryCount":2,"singleCoinValue":12,"singleCoinLevel":11,"singleCoinUpgradeCost":4557500,"coinPoolRecoverySpeed":12,"coinPoolRecoveryLevel":10,"coinPoolRecoveryUpgradeCost":1823000,"coinPoolTotalCount":20500,"coinPoolTotalLevel":11,"coinPoolTotalUpgradeCost":4557500,"swipeBotSpeedValue":"5.5","swipeBotLevel":4,"swipeBotUpgradeCost":9000000,"openSwipeBot":true,"swipeBotModifyDate":"2024-09-20T07:54:41Z","recoveryModifyDate":"2024-10-06"}}
200 {"code":0,"message":"Success","data":{"singleCoinValue":12,"coinPoolTotalCount":20500,"coinPoolLeftCount":12148,"coinPoolRecoverySpeed":12,"lastTimeStamp":1728194534}}
200 {"code":0,"message":"Success","data":{"collectAmount":492,"collectStatus":true,"currentAmount":32670620,"totalAmount":47462820}}
200 {"code":0,"message":"Success","data":{"gmtFirstInviteDate":null,"gmtModifyDate":null,"firstInviteReward":null,"inviteAmount":2163309,"totalAmount":47462820,"currentAmount":32670620,"rank":1342413,"userLevel":5,"userId":"1790058714077057024","levelInfo":{"rankName":"Shill","level":25}}}
200 {"code":0,"message":"Success","data":{"specialBoxLeftRecoveryCount":3,"coinPoolLeftRecoveryCount":2,"singleCoinValue":12,"singleCoinLevel":11,"singleCoinUpgradeCost":4557500,"coinPoolRecoverySpeed":12,"coinPoolRecoveryLevel":10,"coinPoolRecoveryUpgradeCost":1823000,"coinPoolTotalCount":20500,"coinPoolTotalLevel":11,"coinPoolTotalUpgradeCost":4557500,"swipeBotSpeedValue":"5.5","swipeBotLevel":4,"swipeBotUpgradeCost":9000000,"openSwipeBot":true,"swipeBotModifyDate":"2024-09-20T07:54:41Z","recoveryModifyDate":"2024-10-06"}}
200 {"code":0,"message":"Success","data":{"singleCoinValue":12,"coinPoolTotalCount":20500,"coinPoolLeftCount":11848,"coinPoolRecoverySpeed":12,"lastTimeStamp":1728194550}}
200 {"code":0,"message":"Success","data":{"collectAmount":528,"collectStatus":true,"currentAmount":32671148,"totalAmount":47463348}}
200 {"code":0,"message":"Success","data":{"gmtFirstInviteDate":null,"gmtModifyDate":null,"firstInviteReward":null,"inviteAmount":2163309,"totalAmount":47463348,"currentAmount":32671148,"rank":1342413,"userLevel":5,"userId":"1790058714077057024","levelInfo":{"rankName":"Shill","level":25}}}
200 {"code":0,"message":"Success","data":{"specialBoxLeftRecoveryCount":3,"coinPoolLeftRecoveryCount":2,"singleCoinValue":12,"singleCoinLevel":11,"singleCoinUpgradeCost":4557500,"coinPoolRecoverySpeed":12,"coinPoolRecoveryLevel":10,"coinPoolRecoveryUpgradeCost":1823000,"coinPoolTotalCount":20500,"coinPoolTotalLevel":11,"coinPoolTotalUpgradeCost":4557500,"swipeBotSpeedValue":"5.5","swipeBotLevel":4,"swipeBotUpgradeCost":9000000,"openSwipeBot":true,"swipeBotModifyDate":"2024-09-20T07:54:41Z","recoveryModifyDate":"2024-10-06"}}
200 {"code":0,"message":"Success","data":{"singleCoinValue":12,"coinPoolTotalCount":20500,"coinPoolLeftCount":11512,"coinPoolRecoverySpeed":12,"lastTimeStamp":1728194566}}
200 {"code":0,"message":"Success","data":{"collectAmount":528,"collectStatus":true,"currentAmount":32671676,"totalAmount":47463876}}
200 {"code":0,"message":"Success","data":{"gmtFirstInviteDate":null,"gmtModifyDate":null,"firstInviteReward":null,"inviteAmount":2163309,"totalAmount":47463876,"currentAmount":32671676,"rank":1342413,"userLevel":5,"userId":"1790058714077057024","levelInfo":{"rankName":"Shill","level":25}}}
200 {"code":0,"message":"Success","data":{"specialBoxLeftRecoveryCount":3,"coinPoolLeftRecoveryCount":2,"singleCoinValue":12,"singleCoinLevel":11,"singleCoinUpgradeCost":4557500,"coinPoolRecoverySpeed":12,"coinPoolRecoveryLevel":10,"coinPoolRecoveryUpgradeCost":1823000,"coinPoolTotalCount":20500,"coinPoolTotalLevel":11,"coinPoolTotalUpgradeCost":4557500,"swipeBotSpeedValue":"5.5","swipeBotLevel":4,"swipeBotUpgradeCost":9000000,"openSwipeBot":true,"swipeBotModifyDate":"2024-09-20T07:54:41Z","recoveryModifyDate":"2024-10-06"}}
200 {"code":0,"message":"Success","data":{"singleCoinValue":12,"coinPoolTotalCount":20500,"coinPoolLeftCount":11200,"coinPoolRecoverySpeed":12,"lastTimeStamp":1728194584}}
200 {"code":0,"message":"Success","data":{"collectAmount":396,"collectStatus":true,"currentAmount":32672072,"totalAmount":47464272}}
200 {"code":0,"message":"Success","data":{"gmtFirstInviteDate":null,"gmtModifyDate":null,"firstInviteReward":null,"inviteAmount":2163309,"totalAmount":47464272,"currentAmount":32672072,"rank":1342413,"userLevel":5,"userId":"1790058714077057024","levelInfo":{"rankName":"Shill","level":25}}}
200 {"code":0,"message":"Success","data":{"specialBoxLeftRecoveryCount":3,"coinPoolLeftRecoveryCount":2,"singleCoinValue":12,"singleCoinLevel":11,"singleCoinUpgradeCost":4557500,"coinPoolRecoverySpeed":12,"coinPoolRecoveryLevel":10,"coinPoolRecoveryUpgradeCost":1823000,"coinPoolTotalCount":20500,"coinPoolTotalLevel":11,"coinPoolTotalUpgradeCost":4557500,"swipeBotSpeedValue":"5.5","swipeBotLevel":4,"swipeBotUpgradeCost":9000000,"openSwipeBot":true,"swipeBotModifyDate":"2024-09-20T07:54:41Z","recoveryModifyDate":"2024-10-06"}}
200 {"code":0,"message":"Success","data":{"singleCoinValue":12,"coinPoolTotalCount":20500,"coinPoolLeftCount":10996,"coinPoolRecoverySpeed":12,"lastTimeStamp":1728194600}}
200 {"code":0,"message":"Success","data":{"collectAmount":516,"collectStatus":true,"currentAmount":32672588,"totalAmount":47464788}}
200 {"code":0,"message":"Success","data":{"gmtFirstInviteDate":null,"gmtModifyDate":null,"firstInviteReward":null,"inviteAmount":2163309,"totalAmount":47464788,"currentAmount":32672588,"rank":1342413,"userLevel":5,"userId":"1790058714077057024","levelInfo":{"rankName":"Shill","level":25}}}
200 {"code":0,"message":"Success","data":{"specialBoxLeftRecoveryCount":3,"coinPoolLeftRecoveryCount":2,"singleCoinValue":12,"singleCoinLevel":11,"singleCoinUpgradeCost":4557500,"coinPoolRecoverySpeed":12,"coinPoolRecoveryLevel":10,"coinPoolRecoveryUpgradeCost":1823000,"coinPoolTotalCount":20500,"coinPoolTotalLevel":11,"coinPoolTotalUpgradeCost":4557500,"swipeBotSpeedValue":"5.5","swipeBotLevel":4,"swipeBotUpgradeCost":9000000,"openSwipeBot":true,"swipeBotModifyDate":"2024-09-20T07:54:41Z","recoveryModifyDate":"2024-10-06"}}
200 {"code":0,"message":"Success","data":{"singleCoinValue":12,"coinPoolTotalCount":20500,"coinPoolLeftCount":10660,"coinPoolRecoverySpeed":12,"lastTimeStamp":1728194615}}
200 {"code":0,"message":"Success","data":{"collectAmount":528,"collectStatus":true,"currentAmount":32673116,"totalAmount":47465316}}
200 {"code":0,"message":"Success","data":{"gmtFirstInviteDate":null,"gmtModifyDate":null,"firstInviteReward":null,"inviteAmount":2163309,"totalAmount":47465316,"currentAmount":32673116,"rank":1342413,"userLevel":5,"userId":"1790058714077057024","levelInfo":{"rankName":"Shill","level":25}}}
200 {"code":0,"message":"Success","data":{"specialBoxLeftRecoveryCount":3,"coinPoolLeftRecoveryCount":2,"singleCoinValue":12,"singleCoinLevel":11,"singleCoinUpgradeCost":4557500,"coinPoolRecoverySpeed":12,"coinPoolRecoveryLevel":10,"coinPoolRecoveryUpgradeCost":1823000,"coinPoolTotalCount":20500,"coinPoolTotalLevel":11,"coinPoolTotalUpgradeCost":4557500,"swipeBotSpeedValue":"5.5","swipeBotLevel":4,"swipeBotUpgradeCost":9000000,"openSwipeBot":true,"swipeBotModifyDate":"2024-09-20T07:54:41Z","recoveryModifyDate":"2024-10-06"}}
200 {"code":0,"message":"Success","data":{"singleCoinValue":12,"coinPoolTotalCount":20500,"coinPoolLeftCount":10300,"coinPoolRecoverySpeed":12,"lastTimeStamp":1728194629}}
200 {"code":0,"message":"Success","data":{"collectAmount":396,"collectStatus":true,"currentAmount":32673512,"totalAmount":47465712}}
200 {"code":0,"message":"Success","data":{"gmtFirstInviteDate":null,"gmtModifyDate":null,"firstInviteReward":null,"inviteAmount":2163309,"totalAmount":47465712,"currentAmount":32673512,"rank":1342413,"userLevel":5,"userId":"1790058714077057024","levelInfo":{"rankName":"Shill","level":25}}}
200 {"code":0,"message":"Success","data":{"specialBoxLeftRecoveryCount":3,"coinPoolLeftRecoveryCount":2,"singleCoinValue":12,"singleCoinLevel":11,"singleCoinUpgradeCost":4557500,"coinPoolRecoverySpeed":12,"coinPoolRecoveryLevel":10,"coinPoolRecoveryUpgradeCost":1823000,"coinPoolTotalCount":20500,"coinPoolTotalLevel":11,"coinPoolTotalUpgradeCost":4557500,"swipeBotSpeedValue":"5.5","swipeBotLevel":4,"swipeBotUpgradeCost":9000000,"openSwipeBot":true,"swipeBotModifyDate":"2024-09-20T07:54:41Z","recoveryModifyDate":"2024-10-06"}}
200 {"code":0,"message":"Success","data":{"singleCoinValue":12,"coinPoolTotalCount":20500,"coinPoolLeftCount":10096,"coinPoolRecoverySpeed":12,"lastTimeStamp":1728194645}}
200 {"code":0,"message":"Success","data":{"collectAmount":384,"collectStatus":true,"currentAmount":32673896,"totalAmount":47466096}}
200 {"code":0,"message":"Success","data":{"gmtFirstInviteDate":null,"gmtModifyDate":null,"firstInviteReward":null,"inviteAmount":2163309,"totalAmount":47466096,"currentAmount":32673896,"rank":1342413,"userLevel":5,"userId":"1790058714077057024","levelInfo":{"rankName":"Shill","level":25}}}
200 {"code":0,"message":"Success","data":{"specialBoxLeftRecoveryCount":3,"coinPoolLeftRecoveryCount":2,"singleCoinValue":12,"singleCoinLevel":11,"singleCoinUpgradeCost":4557500,"coinPoolRecoverySpeed":12,"coinPoolRecoveryLevel":10,"coinPoolRecoveryUpgradeCost":1823000,"coinPoolTotalCount":20500,"coinPoolTotalLevel":11,"coinPoolTotalUpgradeCost":4557500,"swipeBotSpeedValue":"5.5","swipeBotLevel":4,"swipeBotUpgradeCost":9000000,"openSwipeBot":true,"swipeBotModifyDate":"2024-09-20T07:54:41Z","recoveryModifyDate":"2024-10-06"}}
200 {"code":0,"message":"Success","data":{"singleCoinValue":12,"coinPoolTotalCount":20500,"coinPoolLeftCount":9892,"coinPoolRecoverySpeed":12,"lastTimeStamp":1728194660}}
200 {"code":0,"message":"Success","data":{"collectAmount":420,"collectStatus":true,"currentAmount":32674316,"totalAmount":47466516}}
200 {"code":0,"message":"Success","data":{"gmtFirstInviteDate":null,"gmtModifyDate":null,"firstInviteReward":null,"inviteAmount":2163309,"totalAmount":47466516,"currentAmount":32674316,"rank":1342413,"userLevel":5,"userId":"1790058714077057024","levelInfo":{"rankName":"Shill","level":25}}}
200 {"code":0,"message":"Success","data":{"specialBoxLeftRecoveryCount":3,"coinPoolLeftRecoveryCount":2,"singleCoinValue":12,"singleCoinLevel":11,"singleCoinUpgradeCost":4557500,"coinPoolRecoverySpeed":12,"coinPoolRecoveryLevel":10,"coinPoolRecoveryUpgradeCost":1823000,"coinPoolTotalCount":20500,"coinPoolTotalLevel":11,"coinPoolTotalUpgradeCost":4557500,"swipeBotSpeedValue":"5.5","swipeBotLevel":4,"swipeBotUpgradeCost":9000000,"openSwipeBot":true,"swipeBotModifyDate":"2024-09-20T07:54:41Z","recoveryModifyDate":"2024-10-06"}}
200 {"code":0,"message":"Success","data":{"singleCoinValue":12,"coinPoolTotalCount":20500,"coinPoolLeftCount":9676,"coinPoolRecoverySpeed":12,"lastTimeStamp":1728194677}}
200 {"code":0,"message":"Success","data":{"collectAmount":420,"collectStatus":true,"currentAmount":32674736,"totalAmount":47466936}}
200 {"code":0,"message":"Success","data":{"gmtFirstInviteDate":null,"gmtModifyDate":null,"firstInviteReward":null,"inviteAmount":2163309,"totalAmount":47466936,"currentAmount":32674736,"rank":1342413,"userLevel":5,"userId":"1790058714077057024","levelInfo":{"rankName":"Shill","level":25}}}
200 {"code":0,"message":"Success","data":{"specialBoxLeftRecoveryCount":3,"coinPoolLeftRecoveryCount":2,"singleCoinValue":12,"singleCoinLevel":11,"singleCoinUpgradeCost":4557500,"coinPoolRecoverySpeed":12,"coinPoolRecoveryLevel":10,"coinPoolRecoveryUpgradeCost":1823000,"coinPoolTotalCount":20500,"coinPoolTotalLevel":11,"coinPoolTotalUpgradeCost":4557500,"swipeBotSpeedValue":"5.5","swipeBotLevel":4,"swipeBotUpgradeCost":9000000,"openSwipeBot":true,"swipeBotModifyDate":"2024-09-20T07:54:41Z","recoveryModifyDate":"2024-10-06"}}
200 {"code":0,"message":"Success","data":{"singleCoinValue":12,"coinPoolTotalCount":20500,"coinPoolLeftCount":9448,"coinPoolRecoverySpeed":12,"lastTimeStamp":1728194693}}
200 {"code":0,"message":"Success","data":{"collectAmount":432,"collectStatus":true,"currentAmount":32675168,"totalAmount":47467368}}
200 {"code":0,"message":"Success","data":{"gmtFirstInviteDate":null,"gmtModifyDate":null,"firstInviteReward":null,"inviteAmount":2163309,"totalAmount":47467368,"currentAmount":32675168,"rank":1342413,"userLevel":5,"userId":"1790058714077057024","levelInfo":{"rankName":"Shill","level":25}}}
200 {"code":0,"message":"Success","data":{"specialBoxLeftRecoveryCount":3,"coinPoolLeftRecoveryCount":2,"singleCoinValue":12,"singleCoinLevel":11,"singleCoinUpgradeCost":4557500,"coinPoolRecoverySpeed":12,"coinPoolRecoveryLevel":10,"coinPoolRecoveryUpgradeCost":1823000,"coinPoolTotalCount":20500,"coinPoolTotalLevel":11,"coinPoolTotalUpgradeCost":4557500,"swipeBotSpeedValue":"5.5","swipeBotLevel":4,"swipeBotUpgradeCost":9000000,"openSwipeBot":true,"swipeBotModifyDate":"2024-09-20T07:54:41Z","recoveryModifyDate":"2024-10-06"}}
200 {"code":0,"message":"Success","data":{"singleCoinValue":12,"coinPoolTotalCount":20500,"coinPoolLeftCount":9196,"coinPoolRecoverySpeed":12,"lastTimeStamp":1728194708}}
200 {"code":0,"message":"Success","data":{"collectAmount":576,"collectStatus":true,"currentAmount":32675744,"totalAmount":47467944}}
200 {"code":0,"message":"Success","data":{"gmtFirstInviteDate":null,"gmtModifyDate":null,"firstInviteReward":null,"inviteAmount":2163309,"totalAmount":47467944,"currentAmount":32675744,"rank":1342413,"userLevel":5,"userId":"1790058714077057024","levelInfo":{"rankName":"Shill","level":25}}}
200 {"code":0,"message":"Success","data":{"specialBoxLeftRecoveryCount":3,"coinPoolLeftRecoveryCount":2,"singleCoinValue":12,"singleCoinLevel":11,"singleCoinUpgradeCost":4557500,"coinPoolRecoverySpeed":12,"coinPoolRecoveryLevel":10,"coinPoolRecoveryUpgradeCost":1823000,"coinPoolTotalCount":20500,"coinPoolTotalLevel":11,"coinPoolTotalUpgradeCost":4557500,"swipeBotSpeedValue":"5.5","swipeBotLevel":4,"swipeBotUpgradeCost":9000000,"openSwipeBot":true,"swipeBotModifyDate":"2024-09-20T07:54:41Z","recoveryModifyDate":"2024-10-06"}}
200 {"code":0,"message":"Success","data":{"singleCoinValue":12,"coinPoolTotalCount":20500,"coinPoolLeftCount":8800,"coinPoolRecoverySpeed":12,"lastTimeStamp":1728194723}}
200 {"code":0,"message":"Success","data":{"collectAmount":576,"collectStatus":true,"currentAmount":32676320,"totalAmount":47468520}}
200 {"code":0,"message":"Success","data":{"gmtFirstInviteDate":null,"gmtModifyDate":null,"firstInviteReward":null,"inviteAmount":2163309,"totalAmount":47468520,"currentAmount":32676320,"rank":1342413,"userLevel":5,"userId":"1790058714077057024","levelInfo":{"rankName":"Shill","level":25}}}
200 {"code":0,"message":"Success","data":{"specialBoxLeftRecoveryCount":3,"coinPoolLeftRecoveryCount":2,"singleCoinValue":12,"singleCoinLevel":11,"singleCoinUpgradeCost":4557500,"coinPoolRecoverySpeed":12,"coinPoolRecoveryLevel":10,"coinPoolRecoveryUpgradeCost":1823000,"coinPoolTotalCount":20500,"coinPoolTotalLevel":11,"coinPoolTotalUpgradeCost":4557500,"swipeBotSpeedValue":"5.5","swipeBotLevel":4,"swipeBotUpgradeCost":9000000,"openSwipeBot":true,"swipeBotModifyDate":"2024-09-20T07:54:41Z","recoveryModifyDate":"2024-10-06"}}
200 {"code":0,"message":"Success","data":{"singleCoinValue":12,"coinPoolTotalCount":20500,"coinPoolLeftCount":8404,"coinPoolRecoverySpeed":12,"lastTimeStamp":1728194738}}
200 {"code":0,"message":"Success","data":{"collectAmount":408,"collectStatus":true,"currentAmount":32676728,"totalAmount":47468928}}
200 {"code":0,"message":"Success","data":{"gmtFirstInviteDate":null,"gmtModifyDate":null,"firstInviteReward":null,"inviteAmount":2163309,"totalAmount":47468928,"currentAmount":32676728,"rank":1342413,"userLevel":5,"userId":"1790058714077057024","levelInfo":{"rankName":"Shill","level":25}}}
200 {"code":0,"message":"Success","data":{"specialBoxLeftRecoveryCount":3,"coinPoolLeftRecoveryCount":2,"singleCoinValue":12,"singleCoinLevel":11,"singleCoinUpgradeCost":4557500,"coinPoolRecoverySpeed":12,"coinPoolRecoveryLevel":10,"coinPoolRecoveryUpgradeCost":1823000,"coinPoolTotalCount":20500,"coinPoolTotalLevel":11,"coinPoolTotalUpgradeCost":4557500,"swipeBotSpeedValue":"5.5","swipeBotLevel":4,"swipeBotUpgradeCost":9000000,"openSwipeBot":true,"swipeBotModifyDate":"2024-09-20T07:54:41Z","recoveryModifyDate":"2024-10-06"}}
200 {"code":0,"message":"Success","data":{"singleCoinValue":12,"coinPoolTotalCount":20500,"coinPoolLeftCount":8188,"coinPoolRecoverySpeed":12,"lastTimeStamp":1728194754}}
200 {"code":0,"message":"Success","data":{"collectAmount":540,"collectStatus":true,"currentAmount":32677268,"totalAmount":47469468}}
200 {"code":0,"message":"Success","data":{"gmtFirstInviteDate":null,"gmtModifyDate":null,"firstInviteReward":null,"inviteAmount":2163309,"totalAmount":47469468,"currentAmount":32677268,"rank":1342413,"userLevel":5,"userId":"1790058714077057024","levelInfo":{"rankName":"Shill","level":25}}}
200 {"code":0,"message":"Success","data":{"specialBoxLeftRecoveryCount":3,"coinPoolLeftRecoveryCount":2,"singleCoinValue":12,"singleCoinLevel":11,"singleCoinUpgradeCost":4557500,"coinPoolRecoverySpeed":12,"coinPoolRecoveryLevel":10,"coinPoolRecoveryUpgradeCost":1823000,"coinPoolTotalCount":20500,"coinPoolTotalLevel":11,"coinPoolTotalUpgradeCost":4557500,"swipeBotSpeedValue":"5.5","swipeBotLevel":4,"swipeBotUpgradeCost":9000000,"openSwipeBot":true,"swipeBotModifyDate":"2024-09-20T07:54:41Z","recoveryModifyDate":"2024-10-06"}}
200 {"code":0,"message":"Success","data":{"singleCoinValue":12,"coinPoolTotalCount":20500,"coinPoolLeftCount":7828,"coinPoolRecoverySpeed":12,"lastTimeStamp":1728194769}}
200 {"code":0,"message":"Success","data":{"collectAmount":420,"collectStatus":true,"currentAmount":32677688,"totalAmount":47469888}}
200 {"code":0,"message":"Success","data":{"gmtFirstInviteDate":null,"gmtModifyDate":null,"firstInviteReward":null,"inviteAmount":2163309,"totalAmount":47469888,"currentAmount":32677688,"rank":1342413,"userLevel":5,"userId":"1790058714077057024","levelInfo":{"rankName":"Shill","level":25}}}
200 {"code":0,"message":"Success","data":{"specialBoxLeftRecoveryCount":3,"coinPoolLeftRecoveryCount":2,"singleCoinValue":12,"singleCoinLevel":11,"singleCoinUpgradeCost":4557500,"coinPoolRecoverySpeed":12,"coinPoolRecoveryLevel":10,"coinPoolRecoveryUpgradeCost":1823000,"coinPoolTotalCount":20500,"coinPoolTotalLevel":11,"coinPoolTotalUpgradeCost":4557500,"swipeBotSpeedValue":"5.5","swipeBotLevel":4,"swipeBotUpgradeCost":9000000,"openSwipeBot":true,"swipeBotModifyDate":"2024-09-20T07:54:41Z","recoveryModifyDate":"2024-10-06"}}
200 {"code":0,"message":"Success","data":{"singleCoinValue":12,"coinPoolTotalCount":20500,"coinPoolLeftCount":7588,"coinPoolRecoverySpeed":12,"lastTimeStamp":1728194784}}
200 {"code":0,"message":"Success","data":{"collectAmount":456,"collectStatus":true,"currentAmount":32678144,"totalAmount":47470344}}
200 {"code":0,"message":"Success","data":{"gmtFirstInviteDate":null,"gmtModifyDate":null,"firstInviteReward":null,"inviteAmount":2163309,"totalAmount":47470344,"currentAmount":32678144,"rank":1342413,"userLevel":5,"userId":"1790058714077057024","levelInfo":{"rankName":"Shill","level":25}}}
200 {"code":0,"message":"Success","data":{"specialBoxLeftRecoveryCount":3,"coinPoolLeftRecoveryCount":2,"singleCoinValue":12,"singleCoinLevel":11,"singleCoinUpgradeCost":4557500,"coinPoolRecoverySpeed":12,"coinPoolRecoveryLevel":10,"coinPoolRecoveryUpgradeCost":1823000,"coinPoolTotalCount":20500,"coinPoolTotalLevel":11,"coinPoolTotalUpgradeCost":4557500,"swipeBotSpeedValue":"5.5","swipeBotLevel":4,"swipeBotUpgradeCost":9000000,"openSwipeBot":true,"swipeBotModifyDate":"2024-09-20T07:54:41Z","recoveryModifyDate":"2024-10-06"}}
200 {"code":0,"message":"Success","data":{"singleCoinValue":12,"coinPoolTotalCount":20500,"coinPoolLeftCount":7300,"coinPoolRecoverySpeed":12,"lastTimeStamp":1728194798}}
200 {"code":0,"message":"Success","data":{"collectAmount":540,"collectStatus":true,"currentAmount":32678684,"totalAmount":47470884}}
200 {"code":0,"message":"Success","data":{"gmtFirstInviteDate":null,"gmtModifyDate":null,"firstInviteReward":null,"inviteAmount":2163309,"totalAmount":47470884,"currentAmount":32678684,"rank":1342413,"userLevel":5,"userId":"1790058714077057024","levelInfo":{"rankName":"Shill","level":25}}}
200 {"code":0,"message":"Success","data":{"specialBoxLeftRecoveryCount":3,"coinPoolLeftRecoveryCount":2,"singleCoinValue":12,"singleCoinLevel":11,"singleCoinUpgradeCost":4557500,"coinPoolRecoverySpeed":12,"coinPoolRecoveryLevel":10,"coinPoolRecoveryUpgradeCost":1823000,"coinPoolTotalCount":20500,"coinPoolTotalLevel":11,"coinPoolTotalUpgradeCost":4557500,"swipeBotSpeedValue":"5.5","swipeBotLevel":4,"swipeBotUpgradeCost":9000000,"openSwipeBot":true,"swipeBotModifyDate":"2024-09-20T07:54:41Z","recoveryModifyDate":"2024-10-06"}}
200 {"code":0,"message":"Success","data":{"singleCoinValue":12,"coinPoolTotalCount":20500,"coinPoolLeftCount":6928,"coinPoolRecoverySpeed":12,"lastTimeStamp":1728194812}}
200 {"code":0,"message":"Success","data":{"collectAmount":408,"collectStatus":true,"currentAmount":32679092,"totalAmount":47471292}}
200 {"code":0,"message":"Success","data":{"gmtFirstInviteDate":null,"gmtModifyDate":null,"firstInviteReward":null,"inviteAmount":2163309,"totalAmount":47471292,"currentAmount":32679092,"rank":1342413,"userLevel":5,"userId":"1790058714077057024","levelInfo":{"rankName":"Shill","level":25}}}
200 {"code":0,"message":"Success","data":{"specialBoxLeftRecoveryCount":3,"coinPoolLeftRecoveryCount":2,"singleCoinValue":12,"singleCoinLevel":11,"singleCoinUpgradeCost":4557500,"coinPoolRecoverySpeed":12,"coinPoolRecoveryLevel":10,"coinPoolRecoveryUpgradeCost":1823000,"coinPoolTotalCount":20500,"coinPoolTotalLevel":11,"coinPoolTotalUpgradeCost":4557500,"swipeBotSpeedValue":"5.5","swipeBotLevel":4,"swipeBotUpgradeCost":9000000,"openSwipeBot":true,"swipeBotModifyDate":"2024-09-20T07:54:41Z","recoveryModifyDate":"2024-10-06"}}
200 {"code":0,"message":"Success","data":{"singleCoinValue":12,"coinPoolTotalCount":20500,"coinPoolLeftCount":6700,"coinPoolRecoverySpeed":12,"lastTimeStamp":1728194827}}
200 {"code":0,"message":"Success","data":{"collectAmount":576,"collectStatus":true,"currentAmount":32679668,"totalAmount":47471868}}
200 {"code":0,"message":"Success","data":{"gmtFirstInviteDate":null,"gmtModifyDate":null,"firstInviteReward":null,"inviteAmount":2163309,"totalAmount":47471868,"currentAmount":32679668,"rank":1342413,"userLevel":5,"userId":"1790058714077057024","levelInfo":{"rankName":"Shill","level":25}}}
200 {"code":0,"message":"Success","data":{"specialBoxLeftRecoveryCount":3,"coinPoolLeftRecoveryCount":2,"singleCoinValue":12,"singleCoinLevel":11,"singleCoinUpgradeCost":4557500,"coinPoolRecoverySpeed":12,"coinPoolRecoveryLevel":10,"coinPoolRecoveryUpgradeCost":1823000,"coinPoolTotalCount":20500,"coinPoolTotalLevel":11,"coinPoolTotalUpgradeCost":4557500,"swipeBotSpeedValue":"5.5","swipeBotLevel":4,"swipeBotUpgradeCost":9000000,"openSwipeBot":true,"swipeBotModifyDate":"2024-09-20T07:54:41Z","recoveryModifyDate":"2024-10-06"}}
200 {"code":0,"message":"Success","data":{"singleCoinValue":12,"coinPoolTotalCount":20500,"coinPoolLeftCount":6376,"coinPoolRecoverySpeed":12,"lastTimeStamp":1728194848}}
200 {"code":0,"message":"Success","data":{"collectAmount":432,"collectStatus":true,"currentAmount":32680100,"totalAmount":47472300}}
200 {"code":0,"message":"Success","data":{"gmtFirstInviteDate":null,"gmtModifyDate":null,"firstInviteReward":null,"inviteAmount":2163309,"totalAmount":47472300,"currentAmount":32680100,"rank":1342413,"userLevel":5,"userId":"1790058714077057024","levelInfo":{"rankName":"Shill","level":25}}}
200 {"code":0,"message":"Success","data":{"specialBoxLeftRecoveryCount":3,"coinPoolLeftRecoveryCount":2,"singleCoinValue":12,"singleCoinLevel":11,"singleCoinUpgradeCost":4557500,"coinPoolRecoverySpeed":12,"coinPoolRecoveryLevel":10,"coinPoolRecoveryUpgradeCost":1823000,"coinPoolTotalCount":20500,"coinPoolTotalLevel":11,"coinPoolTotalUpgradeCost":4557500,"swipeBotSpeedValue":"5.5","swipeBotLevel":4,"swipeBotUpgradeCost":9000000,"openSwipeBot":true,"swipeBotModifyDate":"2024-09-20T07:54:41Z","recoveryModifyDate":"2024-10-06"}}
200 {"code":0,"message":"Success","data":{"singleCoinValue":12,"coinPoolTotalCount":20500,"coinPoolLeftCount":6124,"coinPoolRecoverySpeed":12,"lastTimeStamp":1728194863}}
200 {"code":0,"message":"Success","data":{"collectAmount":540,"collectStatus":true,"currentAmount":32680640,"totalAmount":47472840}}
200 {"code":0,"message":"Success","data":{"gmtFirstInviteDate":null,"gmtModifyDate":null,"firstInviteReward":null,"inviteAmount":2163309,"totalAmount":47472840,"currentAmount":32680640,"rank":1342413,"userLevel":5,"userId":"1790058714077057024","levelInfo":{"rankName":"Shill","level":25}}}
200 {"code":0,"message":"Success","data":{"specialBoxLeftRecoveryCount":3,"coinPoolLeftRecoveryCount":2,"singleCoinValue":12,"singleCoinLevel":11,"singleCoinUpgradeCost":4557500,"coinPoolRecoverySpeed":12,"coinPoolRecoveryLevel":10,"coinPoolRecoveryUpgradeCost":1823000,"coinPoolTotalCount":20500,"coinPoolTotalLevel":11,"coinPoolTotalUpgradeCost":4557500,"swipeBotSpeedValue":"5.5","swipeBotLevel":4,"swipeBotUpgradeCost":9000000,"openSwipeBot":true,"swipeBotModifyDate":"2024-09-20T07:54:41Z","recoveryModifyDate":"2024-10-06"}}
200 {"code":0,"message":"Success","data":{"singleCoinValue":12,"coinPoolTotalCount":20500,"coinPoolLeftCount":5788,"coinPoolRecoverySpeed":12,"lastTimeStamp":1728194880}}
200 {"code":0,"message":"Success","data":{"collectAmount":432,"collectStatus":true,"currentAmount":32681072,"totalAmount":47473272}}
